<?xml version="1.0"?>
<!DOCTYPE coverage SYSTEM "http://cobertura.sourceforge.net/xml/coverage-04.dtd">

<coverage line-rate="0.7333333333333333" branch-rate="0.6666666666666666" lines-covered="11" lines-valid="15" branches-covered="4" branches-valid="6" complexity="2.6666666666666665" version="null" timestamp="1390313126845">
	<sources>
		<source>src</source>
	</sources>
	<packages>
		<package name="client" line-rate="0.0" branch-rate="1.0" complexity="1.0">
			<classes>
				<class name="client.EvaluatorClient" filename="client/EvaluatorClient.java" line-rate="0.0" branch-rate="1.0" complexity="1.0">
					<methods>
						<method name="&lt;init&gt;" signature="()V" line-rate="0.0" branch-rate="1.0">
							<lines>
								<line number="7" hits="0" branch="false"/>
							</lines>
						</method>
						<method name="main" signature="([Ljava/lang/String;)V" line-rate="0.0" branch-rate="1.0">
							<lines>
								<line number="9" hits="0" branch="false"/>
								<line number="10" hits="0" branch="false"/>
								<line number="11" hits="0" branch="false"/>
							</lines>
						</method>
					</methods>
					<lines>
						<line number="7" hits="0" branch="false"/>
						<line number="9" hits="0" branch="false"/>
						<line number="10" hits="0" branch="false"/>
						<line number="11" hits="0" branch="false"/>
					</lines>
				</class>
			</classes>
		</package>
		<package name="library" line-rate="1.0" branch-rate="0.6666666666666666" complexity="3.5">
			<classes>
				<class name="library.Evaluator" filename="library/Evaluator.java" line-rate="1.0" branch-rate="0.6666666666666666" complexity="3.5">
					<methods>
						<method name="&lt;init&gt;" signature="()V" line-rate="1.0" branch-rate="1.0">
							<lines>
								<line number="3" hits="8" branch="false"/>
							</lines>
						</method>
						<method name="add" signature="(II)I" line-rate="1.0" branch-rate="1.0">
							<lines>
								<line number="16" hits="2" branch="false"/>
							</lines>
						</method>
						<method name="evaluate" signature="(Ljava/lang/String;)I" line-rate="1.0" branch-rate="0.6666666666666666">
							<lines>
								<line number="5" hits="4" branch="true" condition-coverage="100% (2/2)">
									<conditions>
										<condition number="0" type="jump" coverage="100%"/>
									</conditions>
								</line>
								<line number="6" hits="2" branch="false"/>
								<line number="7" hits="2" branch="true" condition-coverage="50% (1/2)">
									<conditions>
										<condition number="0" type="jump" coverage="50%"/>
									</conditions>
								</line>
								<line number="8" hits="2" branch="false"/>
								<line number="9" hits="2" branch="false"/>
								<line number="10" hits="2" branch="false"/>
								<line number="11" hits="2" branch="true" condition-coverage="50% (1/2)">
									<conditions>
										<condition number="0" type="jump" coverage="50%"/>
									</conditions>
								</line>
								<line number="12" hits="2" branch="false"/>
								<line number="13" hits="2" branch="false"/>
							</lines>
						</method>
					</methods>
					<lines>
						<line number="3" hits="8" branch="false"/>
						<line number="5" hits="4" branch="true" condition-coverage="100% (2/2)">
							<conditions>
								<condition number="0" type="jump" coverage="100%"/>
							</conditions>
						</line>
						<line number="6" hits="2" branch="false"/>
						<line number="7" hits="2" branch="true" condition-coverage="50% (1/2)">
							<conditions>
								<condition number="0" type="jump" coverage="50%"/>
							</conditions>
						</line>
						<line number="8" hits="2" branch="false"/>
						<line number="9" hits="2" branch="false"/>
						<line number="10" hits="2" branch="false"/>
						<line number="11" hits="2" branch="true" condition-coverage="50% (1/2)">
							<conditions>
								<condition number="0" type="jump" coverage="50%"/>
							</conditions>
						</line>
						<line number="12" hits="2" branch="false"/>
						<line number="13" hits="2" branch="false"/>
						<line number="16" hits="2" branch="false"/>
					</lines>
				</class>
			</classes>
		</package>
	</packages>
</coverage>
